{
  "timestamp": "2026-01-13T22:04:49.196682",
  "model_used": "gemini-2.5-flash",
  "total_generated": 19,
  "disagreements_found": 11,
  "success_rate": "57.9%",
  "checkers_used": [
    "mypy",
    "pyrefly",
    "zuban",
    "ty"
  ],
  "results": [
    {
      "filename": "generic-typevar-bound-specialization.py",
      "filepath": "generated_examples/2026-01-13_22-04-49/source_files/generic-typevar-bound-specialization.py",
      "outputs": {
        "mypy": "/tmp/tmp0fv307os.py:31: note: Revealed type is \"T_IntList`-1\"\nSuccess: no issues found in 1 source file",
        "pyrefly": "INFO revealed type: T_IntList [reveal-type]\n  --> /tmp/tmp1yxamsev.py:31:16\n   |\n31 |     reveal_type(box_instance.item) # DISAGREEMENT POINT\n   |                -------------------\n   |\n INFO 0 errors",
        "zuban": "No Python files found to check for /tmp/tmpfidfxo3n.py",
        "ty": "info[revealed-type]: Revealed type\n  --> /tmp/tmpo0u7_soj.py:31:17\n   |\n29 |     # Is box_instance.item correctly understood as List[int] or still T_IntList?\n30 |     # Expected: T_IntList, which implicitly allows list operations due to its bound.\n31 |     reveal_type(box_instance.item) # DISAGREEMENT POINT\n   |                 ^^^^^^^^^^^^^^^^^ `Unknown | T_IntList@check_box`\n32 |     return box_instance.get_first_element()\n   |\n\nFound 1 diagnostic"
      },
      "statuses": {
        "mypy": "ok",
        "pyrefly": "ok",
        "zuban": "error",
        "ty": "ok"
      }
    },
    {
      "filename": "self-in-abstract-generic-class-var.py",
      "filepath": "generated_examples/2026-01-13_22-04-49/source_files/self-in-abstract-generic-class-var.py",
      "outputs": {
        "mypy": "/tmp/tmp9efgy_07.py:54: note: Revealed type is \"Any\"\n/tmp/tmp9efgy_07.py:54: note: 'reveal_type' always outputs 'Any' in unchecked functions\n/tmp/tmp9efgy_07.py:55: note: Revealed type is \"Any\"\n/tmp/tmp9efgy_07.py:55: note: 'reveal_type' always outputs 'Any' in unchecked functions\nSuccess: no issues found in 1 source file",
        "pyrefly": "ERROR Generic attribute `_registered_instances` of class `BaseConfigurator` is not visible on the class [missing-attribute]\n  --> /tmp/tmpy4546fon.py:14:9\n   |\n14 |         type(self)._registered_instances.append(self) # Add self to the class-level list\n   |         ^^^^^^^^^^^^^^^^^^^^^^^^^^^^^^^^\n   |\n INFO revealed type: list[IntConfigurator] [reveal-type]\n  --> /tmp/tmpy4546fon.py:54:16\n   |\n54 |     reveal_type(IntConfigurator._registered_instances) # DISAGREEMENT POINT: Is it List[IntConfigurator] or List[BaseConfigurator[in...\n   |                ---------------------------------------\n   |\n INFO revealed type: list[StrConfigurator] [reveal-type]\n  --> /tmp/tmpy4546fon.py:55:16\n   |\n55 |     reveal_type(StrConfigurator._registered_instances) # DISAGREEMENT POINT: Is it List[StrConfigurator] or List[BaseConfigurator[st...\n   |                ---------------------------------------\n   |\n INFO 1 error",
        "zuban": "No Python files found to check for /tmp/tmp0ivpo9y6.py",
        "ty": "error[invalid-argument-type]: Argument to bound method `append` is incorrect\n  --> /tmp/tmpavbffk6z.py:14:49\n   |\n12 |     def __init__(self, value: T):\n13 |         self.value = value\n14 |         type(self)._registered_instances.append(self) # Add self to the class-level list\n   |                                                 ^^^^ Expected `<special form 'typing.Self'>`, found `Self@__init__`\n15 |\n16 |     @abstractmethod\n   |\ninfo: Method defined here\n    --> stdlib/builtins.pyi:2816:9\n     |\n2814 |         \"\"\"Return a shallow copy of the list.\"\"\"\n2815 |\n2816 |     def append(self, object: _T, /) -> None:\n     |         ^^^^^^       ---------- Parameter declared here\n2817 |         \"\"\"Append object to the end of the list.\"\"\"\n     |\ninfo: rule `invalid-argument-type` is enabled by default\n\ninfo[revealed-type]: Revealed type\n  --> /tmp/tmpavbffk6z.py:54:17\n   |\n52 |     # For IntConfigurator._registered_instances, elements should be IntConfigurator.\n53 |     # For StrConfigurator._registered_instances, elements should be StrConfigurator.\n54 |     reveal_type(IntConfigurator._registered_instances) # DISAGREEMENT POINT: Is it List[IntConfigurator] or List[BaseConfigurator[int]\u2026\n   |                 ^^^^^^^^^^^^^^^^^^^^^^^^^^^^^^^^^^^^^ `list[<special form 'typing.Self'>]`\n55 |     reveal_type(StrConfigurator._registered_instances) # DISAGREEMENT POINT: Is it List[StrConfigurator] or List[BaseConfigurator[str]\u2026\n   |\n\ninfo[revealed-type]: Revealed type\n  --> /tmp/tmpavbffk6z.py:55:17\n   |\n53 |     # For StrConfigurator._registered_instances, elements should be StrConfigurator.\n54 |     reveal_type(IntConfigurator._registered_instances) # DISAGREEMENT POINT: Is it List[IntConfigurator] or List[BaseConfigurator[int]\u2026\n55 |     reveal_type(StrConfigurator._registered_instances) # DISAGREEMENT POINT: Is it List[StrConfigurator] or List[BaseConfigurator[str]\u2026\n   |                 ^^^^^^^^^^^^^^^^^^^^^^^^^^^^^^^^^^^^^ `list[<special form 'typing.Self'>]`\n56 |\n57 |     if IntConfigurator._registered_instances:\n   |\n\nFound 3 diagnostics"
      },
      "statuses": {
        "mypy": "ok",
        "pyrefly": "error",
        "zuban": "error",
        "ty": "error"
      }
    },
    {
      "filename": "self-in-protocol-default-implementation.py",
      "filepath": "generated_examples/2026-01-13_22-04-49/source_files/self-in-protocol-default-implementation.py",
      "outputs": {
        "mypy": "/tmp/tmp7tnv2eud.py:16: error: Incompatible return value type (got \"T\", expected \"Self\")  [return-value]\n/tmp/tmp7tnv2eud.py:42: note: Revealed type is \"tmp7tnv2eud.BaseCloneable[builtins.str]\"\nFound 1 error in 1 file (checked 1 source file)",
        "pyrefly": "ERROR Returned type `T` is not assignable to declared return type `Self@BaseCloneable` [bad-return]\n  --> /tmp/tmp1_rxtjjr.py:16:16\n   |\n16 |         return self.__copy__() # DISAGREEMENT POINT: Does T resolve to Self here?\n   |                ^^^^^^^^^^^^^^^\n   |\n INFO revealed type: BaseCloneable[str] [reveal-type]\n  --> /tmp/tmp1_rxtjjr.py:42:16\n   |\n42 |     reveal_type(cloned_obj) # DISAGREEMENT POINT: Expected Self (ConcreteCloneable or SubConcreteCloneable), might be BaseCloneable[...\n   |                ------------\n   |\n INFO 1 error",
        "zuban": "No Python files found to check for /tmp/tmp27mi0jeg.py",
        "ty": "info[revealed-type]: Revealed type\n  --> /tmp/tmp1ew_acv3.py:42:17\n   |\n40 |     \"\"\"\n41 |     cloned_obj = obj.clone()\n42 |     reveal_type(cloned_obj) # DISAGREEMENT POINT: Expected Self (ConcreteCloneable or SubConcreteCloneable), might be BaseCloneable[st\u2026\n   |                 ^^^^^^^^^^ `BaseCloneable[str]`\n43 |\n44 |     if isinstance(cloned_obj, ConcreteCloneable):\n   |\n\nFound 1 diagnostic"
      },
      "statuses": {
        "mypy": "error",
        "pyrefly": "error",
        "zuban": "error",
        "ty": "ok"
      }
    },
    {
      "filename": "pep-695-alias-union-generic-methods.py",
      "filepath": "generated_examples/2026-01-13_22-04-49/source_files/pep-695-alias-union-generic-methods.py",
      "outputs": {
        "mypy": "/tmp/tmp59mhuvhi.py:33: note: Revealed type is \"builtins.int\"\n/tmp/tmp59mhuvhi.py:34: note: Revealed type is \"builtins.int\"\n/tmp/tmp59mhuvhi.py:36: note: Revealed type is \"builtins.str\"\n/tmp/tmp59mhuvhi.py:37: note: Revealed type is \"builtins.int\"\n/tmp/tmp59mhuvhi.py:62: note: Revealed type is \"builtins.int\"\nSuccess: no issues found in 1 source file",
        "pyrefly": "INFO revealed type: int [reveal-type]\n  --> /tmp/tmp8wadumyl.py:33:20\n   |\n33 |         reveal_type(service.read_one()) # Expected int. DISAGREEMENT POINT if type is lost or error.\n   |                    --------------------\n   |\n INFO revealed type: int [reveal-type]\n  --> /tmp/tmp8wadumyl.py:34:20\n   |\n34 |         reveal_type(service.get_data_length()) # Expected int\n   |                    ---------------------------\n   |\n INFO revealed type: str [reveal-type]\n  --> /tmp/tmp8wadumyl.py:36:20\n   |\n36 |         reveal_type(service.process_string(\"abc\")) # Expected str\n   |                    -------------------------------\n   |\n INFO revealed type: int [reveal-type]\n  --> /tmp/tmp8wadumyl.py:37:20\n   |\n37 |         reveal_type(service.get_prefix_length()) # Expected int\n   |                    -----------------------------\n   |\n INFO revealed type: int [reveal-type]\n  --> /tmp/tmp8wadumyl.py:62:24\n   |\n62 |             reveal_type(mixed_instance.read_one())\n   |                        ---------------------------\n   |\n INFO 0 errors",
        "zuban": "No Python files found to check for /tmp/tmp0hz5559p.py",
        "ty": "info[revealed-type]: Revealed type\n  --> /tmp/tmpm3ygbtb1.py:33:21\n   |\n31 |     # `read_one` is only on GenericReader[int].\n32 |     if isinstance(service, GenericReader):\n33 |         reveal_type(service.read_one()) # Expected int. DISAGREEMENT POINT if type is lost or error.\n   |                     ^^^^^^^^^^^^^^^^^^ `object`\n34 |         reveal_type(service.get_data_length()) # Expected int\n35 |     elif isinstance(service, StringProcessor):\n   |\n\ninfo[revealed-type]: Revealed type\n  --> /tmp/tmpm3ygbtb1.py:34:21\n   |\n32 |     if isinstance(service, GenericReader):\n33 |         reveal_type(service.read_one()) # Expected int. DISAGREEMENT POINT if type is lost or error.\n34 |         reveal_type(service.get_data_length()) # Expected int\n   |                     ^^^^^^^^^^^^^^^^^^^^^^^^^ `int`\n35 |     elif isinstance(service, StringProcessor):\n36 |         reveal_type(service.process_string(\"abc\")) # Expected str\n   |\n\ninfo[revealed-type]: Revealed type\n  --> /tmp/tmpm3ygbtb1.py:36:21\n   |\n34 |         reveal_type(service.get_data_length()) # Expected int\n35 |     elif isinstance(service, StringProcessor):\n36 |         reveal_type(service.process_string(\"abc\")) # Expected str\n   |                     ^^^^^^^^^^^^^^^^^^^^^^^^^^^^^ `str`\n37 |         reveal_type(service.get_prefix_length()) # Expected int\n   |\n\ninfo[revealed-type]: Revealed type\n  --> /tmp/tmpm3ygbtb1.py:37:21\n   |\n35 |     elif isinstance(service, StringProcessor):\n36 |         reveal_type(service.process_string(\"abc\")) # Expected str\n37 |         reveal_type(service.get_prefix_length()) # Expected int\n   |                     ^^^^^^^^^^^^^^^^^^^^^^^^^^^ `int`\n38 |\n39 |     # What if we try to call a method that exists on one part of the union,\n   |\n\ninfo[revealed-type]: Revealed type\n  --> /tmp/tmpm3ygbtb1.py:62:25\n   |\n60 |     try:\n61 |         if isinstance(mixed_instance, GenericReader): # Explicit narrowing is fine\n62 |             reveal_type(mixed_instance.read_one())\n   |                         ^^^^^^^^^^^^^^^^^^^^^^^^^ `Unknown | int`\n63 |             print(f\"Read one: {mixed_instance.read_one()}\")\n64 |         else:\n   |\n\nFound 5 diagnostics"
      },
      "statuses": {
        "mypy": "ok",
        "pyrefly": "ok",
        "zuban": "error",
        "ty": "error"
      }
    },
    {
      "filename": "overload-decorator-any-refined.py",
      "filepath": "generated_examples/2026-01-13_22-04-49/source_files/overload-decorator-any-refined.py",
      "outputs": {
        "mypy": "/tmp/tmpzi2ixjqf.py:52: note: Revealed type is \"Any\"\n/tmp/tmpzi2ixjqf.py:52: note: 'reveal_type' always outputs 'Any' in unchecked functions\n/tmp/tmpzi2ixjqf.py:55: note: Revealed type is \"Any\"\n/tmp/tmpzi2ixjqf.py:55: note: 'reveal_type' always outputs 'Any' in unchecked functions\n/tmp/tmpzi2ixjqf.py:62: note: Revealed type is \"Any\"\n/tmp/tmpzi2ixjqf.py:62: note: 'reveal_type' always outputs 'Any' in unchecked functions\n/tmp/tmpzi2ixjqf.py:67: note: Revealed type is \"Any\"\n/tmp/tmpzi2ixjqf.py:67: note: 'reveal_type' always outputs 'Any' in unchecked functions\n/tmp/tmpzi2ixjqf.py:68: note: Revealed type is \"Any\"\n/tmp/tmpzi2ixjqf.py:68: note: 'reveal_type' always outputs 'Any' in unchecked functions\n/tmp/tmpzi2ixjqf.py:69: note: Revealed type is \"Any\"\n/tmp/tmpzi2ixjqf.py:69: note: 'reveal_type' always outputs 'Any' in unchecked functions\nSuccess: no issues found in 1 source file",
        "pyrefly": "INFO revealed type: str [reveal-type]\n  --> /tmp/tmpssbvjygc.py:52:16\n   |\n52 |     reveal_type(Factory.create(\"widget\")) # Expected: str\n   |                --------------------------\n   |\n INFO revealed type: int [reveal-type]\n  --> /tmp/tmpssbvjygc.py:55:16\n   |\n55 |     reveal_type(Factory.create(10, 5)) # Expected: int\n   |                -----------------------\n   |\n INFO revealed type: Unknown [reveal-type]\n  --> /tmp/tmpssbvjygc.py:62:16\n   |\n62 |     reveal_type(product_instance) \n   |                ------------------\n   |\n INFO revealed type: Unknown [reveal-type]\n  --> /tmp/tmpssbvjygc.py:67:16\n   |\n67 |     reveal_type(Factory.create(\"untyped\", value=123)) \n   |                --------------------------------------\n   |\n INFO revealed type: Unknown [reveal-type]\n  --> /tmp/tmpssbvjygc.py:68:16\n   |\n68 |     reveal_type(Factory.create(1.0, 2.0))\n   |                --------------------------\n   |\n INFO revealed type: Unknown [reveal-type]\n  --> /tmp/tmpssbvjygc.py:69:16\n   |\n69 |     reveal_type(Factory.create(lambda x: x + 1, data=7))\n   |                -----------------------------------------\n   |\n INFO 0 errors",
        "zuban": "No Python files found to check for /tmp/tmpeldfgp8z.py",
        "ty": "error[invalid-overload]: Overloaded function `create` requires at least two overloads\n  --> /tmp/tmpveb4jxtu.py:31:9\n   |\n29 |     # The original ParamSpec usage was reported as \"unbound\" by mypy and other checkers,\n30 |     # preventing further analysis. This fixes that syntax error.\n31 |     def create(*args: Any, **kwargs: Any) -> Any: ...\n   |         ------ Only one overload defined here\n32 |\n33 |     @staticmethod\n34 |     def create(*args: Any, **kwargs: Any) -> Any:\n   |         ^^^^^^\n35 |         if len(args) == 1 and isinstance(args[0], str):\n36 |             return f\"Created item '{args[0]}'\"\n   |\ninfo: rule `invalid-overload` is enabled by default\n\ninfo[revealed-type]: Revealed type\n  --> /tmp/tmpveb4jxtu.py:52:17\n   |\n50 | def test_factory():\n51 |     # Matches (name: str) -> str\n52 |     reveal_type(Factory.create(\"widget\")) # Expected: str\n   |                 ^^^^^^^^^^^^^^^^^^^^^^^^ `Any`\n53 |\n54 |     # Matches (item_id: int, quantity: int) -> int\n   |\n\ninfo[revealed-type]: Revealed type\n  --> /tmp/tmpveb4jxtu.py:55:17\n   |\n54 |     # Matches (item_id: int, quantity: int) -> int\n55 |     reveal_type(Factory.create(10, 5)) # Expected: int\n   |                 ^^^^^^^^^^^^^^^^^^^^^ `Any`\n56 |\n57 |     # Matches (item_type: type[T], config: dict[str, Any]) -> T\n   |\n\ninfo[revealed-type]: Revealed type\n  --> /tmp/tmpveb4jxtu.py:62:17\n   |\n60 |     # others might infer 'Any' or error out due to the 'identity_decorator(f: Any) -> Any'\n61 |     # obscuring the specific overload's return type.\n62 |     reveal_type(product_instance) \n   |                 ^^^^^^^^^^^^^^^^ `Any`\n63 |     print(f\"Created product name: {product_instance.get_name()}\")\n   |\n\ninfo[revealed-type]: Revealed type\n  --> /tmp/tmpveb4jxtu.py:67:17\n   |\n65 |     # These calls match no specific overload, falling into the Any catch-all.\n66 |     # Expected: Any for all of these.\n67 |     reveal_type(Factory.create(\"untyped\", value=123)) \n   |                 ^^^^^^^^^^^^^^^^^^^^^^^^^^^^^^^^^^^^ `Any`\n68 |     reveal_type(Factory.create(1.0, 2.0))\n69 |     reveal_type(Factory.create(lambda x: x + 1, data=7))\n   |\n\ninfo[revealed-type]: Revealed type\n  --> /tmp/tmpveb4jxtu.py:68:17\n   |\n66 |     # Expected: Any for all of these.\n67 |     reveal_type(Factory.create(\"untyped\", value=123)) \n68 |     reveal_type(Factory.create(1.0, 2.0))\n   |                 ^^^^^^^^^^^^^^^^^^^^^^^^ `Any`\n69 |     reveal_type(Factory.create(lambda x: x + 1, data=7))\n   |\n\ninfo[revealed-type]: Revealed type\n  --> /tmp/tmpveb4jxtu.py:69:17\n   |\n67 |     reveal_type(Factory.create(\"untyped\", value=123)) \n68 |     reveal_type(Factory.create(1.0, 2.0))\n69 |     reveal_type(Factory.create(lambda x: x + 1, data=7))\n   |                 ^^^^^^^^^^^^^^^^^^^^^^^^^^^^^^^^^^^^^^^ `Any`\n70 |\n71 | if __name__ == \"__main__\":\n   |\n\nFound 7 diagnostics"
      },
      "statuses": {
        "mypy": "ok",
        "pyrefly": "ok",
        "zuban": "error",
        "ty": "error"
      }
    },
    {
      "filename": "typeguard-generic-dict-narrowing.py",
      "filepath": "generated_examples/2026-01-13_22-04-49/source_files/typeguard-generic-dict-narrowing.py",
      "outputs": {
        "mypy": "/tmp/tmppd4pazns.py:39: note: Revealed type is \"builtins.dict[builtins.str, tmppd4pazns.DataRecord]\"\n/tmp/tmppd4pazns.py:44: note: Revealed type is \"builtins.dict[builtins.str, tmppd4pazns.ValidatedDataRecord]\"\nSuccess: no issues found in 1 source file",
        "pyrefly": "INFO revealed type: dict[str, DataRecord] [reveal-type]\n  --> /tmp/tmplc7jldc6.py:39:20\n   |\n39 |         reveal_type(data) # Expected Dict[str, DataRecord]\n   |                    ------\n   |\n INFO revealed type: dict[str, ValidatedDataRecord] [reveal-type]\n  --> /tmp/tmplc7jldc6.py:44:24\n   |\n44 |             reveal_type(data) # Expected Dict[str, ValidatedDataRecord]\n   |                        ------\n   |\n INFO 0 errors",
        "zuban": "No Python files found to check for /tmp/tmpvgystnbr.py",
        "ty": "info[revealed-type]: Revealed type\n  --> /tmp/tmphpy4diyh.py:39:21\n   |\n37 |     \"\"\"\n38 |     if is_dict_of_data_records(data):\n39 |         reveal_type(data) # Expected Dict[str, DataRecord]\n   |                     ^^^^ `dict[str, Any]`\n40 |         # Accessing `DataRecord`-specific methods.\n41 |         print(f\"Data records names: {[v.get_name() for v in data.values()]}\")\n   |\n\ninfo[revealed-type]: Revealed type\n  --> /tmp/tmphpy4diyh.py:44:25\n   |\n43 |         if is_dict_of_validated_records(data):\n44 |             reveal_type(data) # Expected Dict[str, ValidatedDataRecord]\n   |                         ^^^^ `dict[str, Any]`\n45 |             # Accessing `ValidatedDataRecord`-specific methods.\n46 |             # DISAGREEMENT POINT: Can checkers correctly chain TypeGuards for generic dicts?\n   |\n\nFound 2 diagnostics"
      },
      "statuses": {
        "mypy": "ok",
        "pyrefly": "ok",
        "zuban": "error",
        "ty": "ok"
      }
    },
    {
      "filename": "overload-decorator-return-type-divergence.py",
      "filepath": "generated_examples/2026-01-13_22-04-49/source_files/overload-decorator-return-type-divergence.py",
      "outputs": {
        "mypy": "/tmp/tmpa4sjocab.py:65: note: Revealed type is \"Any\"\n/tmp/tmpa4sjocab.py:65: note: 'reveal_type' always outputs 'Any' in unchecked functions\n/tmp/tmpa4sjocab.py:68: note: Revealed type is \"Any\"\n/tmp/tmpa4sjocab.py:68: note: 'reveal_type' always outputs 'Any' in unchecked functions\n/tmp/tmpa4sjocab.py:78: note: Revealed type is \"Any\"\n/tmp/tmpa4sjocab.py:78: note: 'reveal_type' always outputs 'Any' in unchecked functions\n/tmp/tmpa4sjocab.py:81: note: Revealed type is \"Any\"\n/tmp/tmpa4sjocab.py:81: note: 'reveal_type' always outputs 'Any' in unchecked functions\n/tmp/tmpa4sjocab.py:84: note: Revealed type is \"Any\"\n/tmp/tmpa4sjocab.py:84: note: 'reveal_type' always outputs 'Any' in unchecked functions\nSuccess: no issues found in 1 source file",
        "pyrefly": "INFO revealed type: str [reveal-type]\n  --> /tmp/tmpmn8njptm.py:65:16\n   |\n65 |     reveal_type(DataService.fetch(101))\n   |                ------------------------\n   |\n INFO revealed type: list[str] [reveal-type]\n  --> /tmp/tmpmn8njptm.py:68:16\n   |\n68 |     reveal_type(DataService.fetch(\"users\", 3))\n   |                -------------------------------\n   |\n INFO revealed type: tuple[dict[str, Any], bool] [reveal-type]\n  --> /tmp/tmpmn8njptm.py:78:16\n   |\n78 |     reveal_type(result_decorated_call1)\n   |                ------------------------\n   |\n INFO revealed type: tuple[dict[str, Any], bool] [reveal-type]\n  --> /tmp/tmpmn8njptm.py:81:16\n   |\n81 |     reveal_type(result_decorated_call2) # Should be the same as result_decorated_call1.\n   |                ------------------------\n   |\n INFO revealed type: Any [reveal-type]\n  --> /tmp/tmpmn8njptm.py:84:16\n   |\n84 |     reveal_type(DataService.fetch(\"any\", \"type\", other_arg=1))\n   |                -----------------------------------------------\n   |\n INFO 0 errors",
        "zuban": "No Python files found to check for /tmp/tmpbe7rrtz5.py",
        "ty": "error[invalid-overload]: Overloaded function `fetch` requires at least two overloads\n  --> /tmp/tmpvy_4e5ap.py:46:9\n   |\n44 |     @overload\n45 |     @staticmethod\n46 |     def fetch(*args: Any, **kwargs: Any) -> Any: ... # Catch-all overload\n   |         ----- Only one overload defined here\n47 |\n48 |     @staticmethod\n49 |     def fetch(*args: Any, **kwargs: Any) -> Any:\n   |         ^^^^^\n50 |         if len(args) == 1 and isinstance(args[0], int):\n51 |             return f\"Item {args[0]} details\"\n   |\ninfo: rule `invalid-overload` is enabled by default\n\ninfo[revealed-type]: Revealed type\n  --> /tmp/tmpvy_4e5ap.py:65:17\n   |\n63 | def test_data_service():\n64 |     # Matches (id: int) -> str\n65 |     reveal_type(DataService.fetch(101))\n   |                 ^^^^^^^^^^^^^^^^^^^^^^ `Any`\n66 |\n67 |     # Matches (query: str, limit: int) -> list[str]\n   |\n\ninfo[revealed-type]: Revealed type\n  --> /tmp/tmpvy_4e5ap.py:68:17\n   |\n67 |     # Matches (query: str, limit: int) -> list[str]\n68 |     reveal_type(DataService.fetch(\"users\", 3))\n   |                 ^^^^^^^^^^^^^^^^^^^^^^^^^^^^^ `Any`\n69 |\n70 |     # Matches (category: str, include_details: bool, **filter_kwargs) -> dict[str, Any]\n   |\n\ninfo[revealed-type]: Revealed type\n  --> /tmp/tmpvy_4e5ap.py:78:17\n   |\n76 |     # the type will remain `dict[str, Any]`.\n77 |     result_decorated_call1 = DataService.fetch(\"products\", include_details=True, price_min=100)\n78 |     reveal_type(result_decorated_call1)\n   |                 ^^^^^^^^^^^^^^^^^^^^^^ `Any`\n79 |\n80 |     result_decorated_call2 = DataService.fetch(\"products\", include_details=True, price_min=100) # Second call, should be cached.\n   |\n\ninfo[revealed-type]: Revealed type\n  --> /tmp/tmpvy_4e5ap.py:81:17\n   |\n80 |     result_decorated_call2 = DataService.fetch(\"products\", include_details=True, price_min=100) # Second call, should be cached.\n81 |     reveal_type(result_decorated_call2) # Should be the same as result_decorated_call1.\n   |                 ^^^^^^^^^^^^^^^^^^^^^^ `Any`\n82 |\n83 |     # This falls into the catch-all.\n   |\n\ninfo[revealed-type]: Revealed type\n  --> /tmp/tmpvy_4e5ap.py:84:17\n   |\n83 |     # This falls into the catch-all.\n84 |     reveal_type(DataService.fetch(\"any\", \"type\", other_arg=1))\n   |                 ^^^^^^^^^^^^^^^^^^^^^^^^^^^^^^^^^^^^^^^^^^^^^ `Any`\n85 |\n86 | if __name__ == \"__main__\":\n   |\n\nFound 6 diagnostics"
      },
      "statuses": {
        "mypy": "ok",
        "pyrefly": "ok",
        "zuban": "error",
        "ty": "error"
      }
    },
    {
      "filename": "newtype-generic-variance-refined.py",
      "filepath": "generated_examples/2026-01-13_22-04-49/source_files/newtype-generic-variance-refined.py",
      "outputs": {
        "mypy": "/tmp/tmp2ywv9rnx.py:37: note: Revealed type is \"builtins.str\"\n/tmp/tmp2ywv9rnx.py:48: note: Revealed type is \"builtins.str\"\n/tmp/tmp2ywv9rnx.py:53: note: Revealed type is \"tmp2ywv9rnx.IdProcessor[tmp2ywv9rnx.OrderId]\"\n/tmp/tmp2ywv9rnx.py:56: note: Revealed type is \"tmp2ywv9rnx.IdProcessor[tmp2ywv9rnx.CustomerId]\"\n/tmp/tmp2ywv9rnx.py:68: note: Revealed type is \"tmp2ywv9rnx.IdProcessor[builtins.int]\"\n/tmp/tmp2ywv9rnx.py:78: error: Argument 1 to \"process_int_type\" has incompatible type \"IdProcessor[OrderId]\"; expected \"IdProcessor[int]\"  [arg-type]\nFound 1 error in 1 file (checked 1 source file)",
        "pyrefly": "INFO revealed type: str [reveal-type]\n  --> /tmp/tmpu1vpozh0.py:37:16\n   |\n37 |     reveal_type(p.process(oid)) # Expected str\n   |                ----------------\n   |\n INFO revealed type: str [reveal-type]\n  --> /tmp/tmpu1vpozh0.py:48:16\n   |\n48 |     reveal_type(p.process(val)) # Expected str\n   |                ----------------\n   |\n INFO revealed type: IdProcessor[OrderId] [reveal-type]\n  --> /tmp/tmpu1vpozh0.py:53:16\n   |\n53 |     reveal_type(order_processor) # Expected IdProcessor[OrderId]\n   |                -----------------\n   |\n INFO revealed type: IdProcessor[CustomerId] [reveal-type]\n  --> /tmp/tmpu1vpozh0.py:56:16\n   |\n56 |     reveal_type(customer_processor) # Expected IdProcessor[CustomerId]\n   |                --------------------\n   |\n INFO revealed type: IdProcessor[int] [reveal-type]\n  --> /tmp/tmpu1vpozh0.py:68:16\n   |\n68 |     reveal_type(generic_int_processor) # Expected IdProcessor[int]\n   |                -----------------------\n   |\nERROR Argument `IdProcessor[OrderId]` is not assignable to parameter `p` with type `IdProcessor[int]` in function `process_int_type` [bad-argument-type]\n  --> /tmp/tmpu1vpozh0.py:78:22\n   |\n78 |     process_int_type(order_processor, OrderId(100)) # DISAGREEMENT POINT\n   |                      ^^^^^^^^^^^^^^^\n   |\n INFO 1 error",
        "zuban": "No Python files found to check for /tmp/tmpqz611mis.py",
        "ty": "info[revealed-type]: Revealed type\n  --> /tmp/tmp19u_k1u7.py:37:17\n   |\n35 |     Tests `IdProcessor` instantiated with `OrderId`.\n36 |     \"\"\"\n37 |     reveal_type(p.process(oid)) # Expected str\n   |                 ^^^^^^^^^^^^^^ `str`\n38 |\n39 |     # Attempt to use a CustomerId with an OrderId processor.\n   |\n\ninfo[revealed-type]: Revealed type\n  --> /tmp/tmp19u_k1u7.py:48:17\n   |\n46 |     Tests `IdProcessor` instantiated with `int`.\n47 |     \"\"\"\n48 |     reveal_type(p.process(val)) # Expected str\n   |                 ^^^^^^^^^^^^^^ `str`\n49 |\n50 | if __name__ == \"__main__\":\n   |\n\ninfo[revealed-type]: Revealed type\n  --> /tmp/tmp19u_k1u7.py:53:17\n   |\n51 |     # Instantiating IdProcessor with a NewType-specific function\n52 |     order_processor = IdProcessor(format_order_id)\n53 |     reveal_type(order_processor) # Expected IdProcessor[OrderId]\n   |                 ^^^^^^^^^^^^^^^ `IdProcessor[Unknown]`\n54 |\n55 |     customer_processor = IdProcessor(format_customer_id)\n   |\n\ninfo[revealed-type]: Revealed type\n  --> /tmp/tmp19u_k1u7.py:56:17\n   |\n55 |     customer_processor = IdProcessor(format_customer_id)\n56 |     reveal_type(customer_processor) # Expected IdProcessor[CustomerId]\n   |                 ^^^^^^^^^^^^^^^^^^ `IdProcessor[Unknown]`\n57 |\n58 |     print(\"--- Processing Orders ---\")\n   |\n\ninfo[revealed-type]: Revealed type\n  --> /tmp/tmp19u_k1u7.py:68:17\n   |\n66 |     print(\"\\n--- Processing Generic Ints ---\")\n67 |     generic_int_processor = IdProcessor(format_generic_int)\n68 |     reveal_type(generic_int_processor) # Expected IdProcessor[int]\n   |                 ^^^^^^^^^^^^^^^^^^^^^ `IdProcessor[Unknown]`\n69 |     process_int_type(generic_int_processor, 789)\n   |\n\nFound 5 diagnostics"
      },
      "statuses": {
        "mypy": "error",
        "pyrefly": "error",
        "zuban": "error",
        "ty": "ok"
      }
    },
    {
      "filename": "newtype-in-generic-class-with-covariance.py",
      "filepath": "generated_examples/2026-01-13_22-04-49/source_files/newtype-in-generic-class-with-covariance.py",
      "outputs": {
        "mypy": "/tmp/tmpzo66pa8u.py:16: error: Cannot use a covariant type variable as a parameter  [misc]\n/tmp/tmpzo66pa8u.py:27: note: Revealed type is \"tmpzo66pa8u.EntityId\"\n/tmp/tmpzo66pa8u.py:37: note: Revealed type is \"builtins.int\"\n/tmp/tmpzo66pa8u.py:46: note: Revealed type is \"tmpzo66pa8u.DataLoader[tmpzo66pa8u.EntityId]\"\n/tmp/tmpzo66pa8u.py:52: note: Revealed type is \"tmpzo66pa8u.DataLoader[tmpzo66pa8u.RecordId]\"\nFound 1 error in 1 file (checked 1 source file)",
        "pyrefly": "INFO revealed type: EntityId [reveal-type]\n  --> /tmp/tmpd9w4_mk1.py:27:16\n   |\n27 |     reveal_type(first_id) # Expected EntityId\n   |                ----------\n   |\n INFO revealed type: int [reveal-type]\n  --> /tmp/tmpd9w4_mk1.py:37:16\n   |\n37 |     reveal_type(first_id) # Expected int\n   |                ----------\n   |\n INFO revealed type: DataLoader[EntityId] [reveal-type]\n  --> /tmp/tmpd9w4_mk1.py:46:16\n   |\n46 |     reveal_type(entity_loader) # Expected DataLoader[EntityId]\n   |                ---------------\n   |\n INFO revealed type: DataLoader[RecordId] [reveal-type]\n  --> /tmp/tmpd9w4_mk1.py:52:16\n   |\n52 |     reveal_type(record_loader) # Expected DataLoader[RecordId]\n   |                ---------------\n   |\n INFO 0 errors",
        "zuban": "No Python files found to check for /tmp/tmp8ugi83i8.py",
        "ty": "info[revealed-type]: Revealed type\n  --> /tmp/tmp1x4s9gzb.py:27:17\n   |\n25 |     \"\"\"\n26 |     first_id = loader.get_first_id()\n27 |     reveal_type(first_id) # Expected EntityId\n   |                 ^^^^^^^^ `EntityId`\n28 |\n29 |     # This should be a type error if RecordId is not compatible with EntityId.\n   |\n\ninfo[revealed-type]: Revealed type\n  --> /tmp/tmp1x4s9gzb.py:37:17\n   |\n35 |     \"\"\"\n36 |     first_id = loader.get_first_id()\n37 |     reveal_type(first_id) # Expected int\n   |                 ^^^^^^^^ `int`\n38 |\n39 |     loader.add_id(100) # Should be fine\n   |\n\ninfo[revealed-type]: Revealed type\n  --> /tmp/tmp1x4s9gzb.py:46:17\n   |\n44 |     entity_ids: List[EntityId] = [EntityId(1), EntityId(2)]\n45 |     entity_loader = DataLoader(entity_ids)\n46 |     reveal_type(entity_loader) # Expected DataLoader[EntityId]\n   |                 ^^^^^^^^^^^^^ `DataLoader[EntityId]`\n47 |     print(f\"Entity loader first ID: {entity_loader.get_first_id()}\")\n48 |     process_entity_loader(entity_loader)\n   |\n\ninfo[revealed-type]: Revealed type\n  --> /tmp/tmp1x4s9gzb.py:52:17\n   |\n50 |     record_ids: List[RecordId] = [RecordId(101), RecordId(102)]\n51 |     record_loader = DataLoader(record_ids)\n52 |     reveal_type(record_loader) # Expected DataLoader[RecordId]\n   |                 ^^^^^^^^^^^^^ `DataLoader[RecordId]`\n53 |\n54 |     # DISAGREEMENT POINT: Can a `DataLoader[EntityId]` be assigned to `DataLoader[int]`\n   |\n\nFound 4 diagnostics"
      },
      "statuses": {
        "mypy": "error",
        "pyrefly": "ok",
        "zuban": "error",
        "ty": "error"
      }
    },
    {
      "filename": "generic-typevar-bound-with-protocol-and-self.py",
      "filepath": "generated_examples/2026-01-13_22-04-49/source_files/generic-typevar-bound-with-protocol-and-self.py",
      "outputs": {
        "mypy": "/tmp/tmpc9wpf0hc.py:25: error: \"T_Valued\" has no attribute \"get_value\"  [attr-defined]\n/tmp/tmpc9wpf0hc.py:53: note: Revealed type is \"T_Valued`-1\"\n/tmp/tmpc9wpf0hc.py:55: note: Revealed type is \"builtins.int\"\n/tmp/tmpc9wpf0hc.py:58: note: Revealed type is \"T_Valued`-1\"\nFound 1 error in 1 file (checked 1 source file)",
        "pyrefly": "ERROR Object of class `object` has no attribute `get_value` [missing-attribute]\n  --> /tmp/tmpe02l9fy8.py:25:16\n   |\n25 |         return self._item.get_value()\n   |                ^^^^^^^^^^^^^^^^^^^^\n   |\n INFO revealed type: T_Valued [reveal-type]\n  --> /tmp/tmpe02l9fy8.py:53:16\n   |\n53 |     reveal_type(proc._item) # Expected T_Valued\n   |                ------------\n   |\n INFO revealed type: int [reveal-type]\n  --> /tmp/tmpe02l9fy8.py:55:16\n   |\n55 |     reveal_type(inspected) # Expected int\n   |                -----------\n   |\n INFO revealed type: T_Valued [reveal-type]\n  --> /tmp/tmpe02l9fy8.py:58:16\n   |\n58 |     reveal_type(processed_item) # DISAGREEMENT POINT: Expected T_Valued, might be broader like ValueContainerProtocol.\n   |                ----------------\n   |\n INFO 1 error",
        "zuban": "No Python files found to check for /tmp/tmp2tnnkr_i.py",
        "ty": "warning[possibly-missing-attribute]: Attribute `get_value` may be missing on object of type `Unknown | T_Valued@GenericProcessor`\n  --> /tmp/tmpzi8s3ypf.py:25:16\n   |\n24 |     def inspect_value(self) -> int:\n25 |         return self._item.get_value()\n   |                ^^^^^^^^^^^^^^^^^^^^\n26 |\n27 |     @abstractmethod\n   |\ninfo: rule `possibly-missing-attribute` is enabled by default\n\ninfo[revealed-type]: Revealed type\n  --> /tmp/tmpzi8s3ypf.py:53:17\n   |\n51 |     Function to operate on a `GenericProcessor`.\n52 |     \"\"\"\n53 |     reveal_type(proc._item) # Expected T_Valued\n   |                 ^^^^^^^^^^ `Unknown | T_Valued@operate_processor`\n54 |     inspected = proc.inspect_value()\n55 |     reveal_type(inspected) # Expected int\n   |\n\ninfo[revealed-type]: Revealed type\n  --> /tmp/tmpzi8s3ypf.py:55:17\n   |\n53 |     reveal_type(proc._item) # Expected T_Valued\n54 |     inspected = proc.inspect_value()\n55 |     reveal_type(inspected) # Expected int\n   |                 ^^^^^^^^^ `int`\n56 |\n57 |     processed_item = proc.process_item()\n   |\n\ninfo[revealed-type]: Revealed type\n  --> /tmp/tmpzi8s3ypf.py:58:17\n   |\n57 |     processed_item = proc.process_item()\n58 |     reveal_type(processed_item) # DISAGREEMENT POINT: Expected T_Valued, might be broader like ValueContainerProtocol.\n   |                 ^^^^^^^^^^^^^^ `T_Valued@operate_processor`\n59 |\n60 |     # If `processed_item` is correctly narrowed, this specific method should be accessible.\n   |\n\nFound 4 diagnostics"
      },
      "statuses": {
        "mypy": "error",
        "pyrefly": "error",
        "zuban": "error",
        "ty": "ok"
      }
    },
    {
      "filename": "paramspec-decorator-with-classmethod-and-overload.py",
      "filepath": "generated_examples/2026-01-13_22-04-49/source_files/paramspec-decorator-with-classmethod-and-overload.py",
      "outputs": {
        "mypy": "/tmp/tmprjetpoou.py:59: note: Revealed type is \"Any\"\n/tmp/tmprjetpoou.py:59: note: 'reveal_type' always outputs 'Any' in unchecked functions\n/tmp/tmprjetpoou.py:62: note: Revealed type is \"Any\"\n/tmp/tmprjetpoou.py:62: note: 'reveal_type' always outputs 'Any' in unchecked functions\n/tmp/tmprjetpoou.py:67: note: Revealed type is \"Any\"\n/tmp/tmprjetpoou.py:67: note: 'reveal_type' always outputs 'Any' in unchecked functions\n/tmp/tmprjetpoou.py:72: note: Revealed type is \"Any\"\n/tmp/tmprjetpoou.py:72: note: 'reveal_type' always outputs 'Any' in unchecked functions\nSuccess: no issues found in 1 source file",
        "pyrefly": "INFO revealed type: type[ResourceManager] [reveal-type]\n  --> /tmp/tmp5rhiu51j.py:59:16\n   |\n59 |     reveal_type(single_res) # Expected ResourceManager. DISAGREEMENT if Any or different.\n   |                ------------\n   |\n INFO revealed type: type[SpecificResource] [reveal-type]\n  --> /tmp/tmp5rhiu51j.py:62:16\n   |\n62 |     reveal_type(sub_res) # Expected SpecificResource. DISAGREEMENT if ResourceManager or Any.\n   |                ---------\n   |\nERROR Missing argument `self` in function `SpecificResource.get_specific_id` [missing-argument]\n  --> /tmp/tmp5rhiu51j.py:63:63\n   |\n63 |     print(f\"Sub-resource specific ID: {sub_res.get_specific_id()}\")\n   |                                                               ^^\n   |\n INFO revealed type: list[Any] [reveal-type]\n  --> /tmp/tmp5rhiu51j.py:67:16\n   |\n67 |     reveal_type(multi_res) # DISAGREEMENT POINT: Expected list[Any] or list[str], might be Any or error.\n   |                -----------\n   |\n INFO revealed type: Any [reveal-type]\n  --> /tmp/tmp5rhiu51j.py:72:16\n   |\n72 |     reveal_type(unknown_res) # DISAGREEMENT POINT: Expected Any, might be error.\n   |                -------------\n   |\n INFO 1 error",
        "zuban": "No Python files found to check for /tmp/tmpmlt6dux7.py",
        "ty": "error[unresolved-attribute]: Object of type `(**P@custom_classmethod_decorator) -> R@custom_classmethod_decorator` has no attribute `__name__`\n  --> /tmp/tmpbd3w83b7.py:17:62\n   |\n15 |         cls_arg = args[0]\n16 |         cls_name = cls_arg.__name__ if isinstance(cls_arg, type) else \"UnknownClass\"\n17 |         print(f\"Decorating classmethod call for '{cls_name}.{func.__name__}'\")\n   |                                                              ^^^^^^^^^^^^^\n18 |         return func(*args, **kwargs)\n19 |     return wrapper\n   |\ninfo: rule `unresolved-attribute` is enabled by default\n\nerror[invalid-overload]: Overloaded function `create_resource` requires at least two overloads\n  --> /tmp/tmpbd3w83b7.py:33:9\n   |\n31 |     @overload\n32 |     @classmethod\n33 |     def create_resource(cls: type, *args: Any, **kwargs: Any) -> Any: ... # Catch-all\n   |         --------------- Only one overload defined here\n34 |\n35 |     @classmethod\n36 |     def create_resource(cls: type, *args: Any, **kwargs: Any) -> Any:\n   |         ^^^^^^^^^^^^^^^\n37 |         if len(args) == 1 and isinstance(args[0], str):\n38 |             ResourceManager._resources_count += 1\n   |\ninfo: rule `invalid-overload` is enabled by default\n\ninfo[revealed-type]: Revealed type\n  --> /tmp/tmpbd3w83b7.py:59:17\n   |\n57 |     # Matches (cls: C, name: str) -> C\n58 |     single_res = ResourceManager.create_resource(\"Logger\")\n59 |     reveal_type(single_res) # Expected ResourceManager. DISAGREEMENT if Any or different.\n   |                 ^^^^^^^^^^ `Any`\n60 |\n61 |     sub_res = SpecificResource.create_resource(\"Database\")\n   |\n\ninfo[revealed-type]: Revealed type\n  --> /tmp/tmpbd3w83b7.py:62:17\n   |\n61 |     sub_res = SpecificResource.create_resource(\"Database\")\n62 |     reveal_type(sub_res) # Expected SpecificResource. DISAGREEMENT if ResourceManager or Any.\n   |                 ^^^^^^^ `Any`\n63 |     print(f\"Sub-resource specific ID: {sub_res.get_specific_id()}\")\n   |\n\ninfo[revealed-type]: Revealed type\n  --> /tmp/tmpbd3w83b7.py:67:17\n   |\n65 |     # Matches (cls: type, name: str, quantity: int) -> list[Any] (decorated overload)\n66 |     multi_res = ResourceManager.create_resource(\"Cache\", 5)\n67 |     reveal_type(multi_res) # DISAGREEMENT POINT: Expected list[Any] or list[str], might be Any or error.\n   |                 ^^^^^^^^^ `Any`\n68 |     print(f\"Multi-resources created: {multi_res}\")\n   |\n\ninfo[revealed-type]: Revealed type\n  --> /tmp/tmpbd3w83b7.py:72:17\n   |\n70 |     # Falls into catch-all overload\n71 |     unknown_res = ResourceManager.create_resource(123, \"config\")\n72 |     reveal_type(unknown_res) # DISAGREEMENT POINT: Expected Any, might be error.\n   |                 ^^^^^^^^^^^ `Any`\n73 |\n74 |     print(f\"Total resources count: {ResourceManager._resources_count}\")\n   |\n\nFound 6 diagnostics"
      },
      "statuses": {
        "mypy": "ok",
        "pyrefly": "error",
        "zuban": "error",
        "ty": "error"
      }
    }
  ]
}